c:\users\dkins_000\desktop\project6_med - skeleton\crypto\debug\crypto.pdb
c:\users\dkins_000\desktop\project6_med - skeleton\crypto\debug\crypto.idb
c:\users\dkins_000\desktop\project6_med - skeleton\crypto\debug\crypto.obj
c:\users\dkins_000\desktop\project6_med - skeleton\crypto\debug\crypto_aes.obj
c:\users\dkins_000\desktop\project6_med - skeleton\crypto\debug\hexhelper.obj
c:\users\dkins_000\desktop\project6_med - skeleton\crypto\debug\reindaal.obj
c:\users\dkins_000\desktop\project6_med - skeleton\crypto\debug\crypto.lib
c:\users\dkins_000\desktop\program6_d_k\crypto\debug\crypto.obj
c:\users\dkins_000\desktop\program6_d_k\crypto\debug\crypto_aes.obj
c:\users\dkins_000\desktop\program6_d_k\crypto\debug\hexhelper.obj
c:\users\dkins_000\desktop\program6_d_k\crypto\debug\reindaal.obj
c:\users\dkins_000\desktop\program6_d_k\crypto\debug\crypto.idb
c:\users\dkins_000\desktop\program6_d_k\crypto\debug\crypto.pdb
c:\users\dkins_000\desktop\program6_d_k\crypto\.\debug\crypto.lib
c:\users\dkins_000\desktop\program6_d_k\crypto\debug\crypto.tlog\cl.command.1.tlog
c:\users\dkins_000\desktop\program6_d_k\crypto\debug\crypto.tlog\cl.read.1.tlog
c:\users\dkins_000\desktop\program6_d_k\crypto\debug\crypto.tlog\cl.write.1.tlog
c:\users\dkins_000\desktop\program6_d_k\crypto\debug\crypto.tlog\lib-link.read.1.tlog
c:\users\dkins_000\desktop\program6_d_k\crypto\debug\crypto.tlog\lib-link.write.1.tlog
c:\users\dkins_000\desktop\program6_d_k\crypto\debug\crypto.tlog\lib.command.1.tlog
