c:\users\dkins_000\desktop\project6_med - skeleton\project6\debug\project6.pch
c:\users\dkins_000\desktop\project6_med - skeleton\project6\debug\vc140.pdb
c:\users\dkins_000\desktop\project6_med - skeleton\project6\debug\vc140.idb
c:\users\dkins_000\desktop\project6_med - skeleton\project6\debug\stdafx.obj
c:\users\dkins_000\desktop\project6_med - skeleton\project6\debug\thread_join.obj
c:\users\dkins_000\desktop\project6_med - skeleton\project6\debug\project6.ilk
c:\users\dkins_000\desktop\project6_med - skeleton\project6\debug\project6.exe
c:\users\dkins_000\desktop\project6_med - skeleton\project6\debug\project6.pdb
c:\users\dkins_000\desktop\program6_d_k\project6\debug\stdafx.obj
c:\users\dkins_000\desktop\program6_d_k\project6\debug\thread_join.obj
c:\users\dkins_000\desktop\program6_d_k\project6\debug\project6.ilk
c:\users\dkins_000\desktop\program6_d_k\project6\debug\project6.pch
c:\users\dkins_000\desktop\program6_d_k\project6\debug\vc140.idb
c:\users\dkins_000\desktop\program6_d_k\project6\debug\project6.pdb
c:\users\dkins_000\desktop\program6_d_k\project6\debug\vc140.pdb
c:\users\dkins_000\desktop\program6_d_k\project6\debug\project6.exe
c:\users\dkins_000\desktop\program6_d_k\project6\debug\project6.tlog\cl.command.1.tlog
c:\users\dkins_000\desktop\program6_d_k\project6\debug\project6.tlog\cl.read.1.tlog
c:\users\dkins_000\desktop\program6_d_k\project6\debug\project6.tlog\cl.write.1.tlog
c:\users\dkins_000\desktop\program6_d_k\project6\debug\project6.tlog\link.command.1.tlog
c:\users\dkins_000\desktop\program6_d_k\project6\debug\project6.tlog\link.read.1.tlog
c:\users\dkins_000\desktop\program6_d_k\project6\debug\project6.tlog\link.write.1.tlog
